<?xml version="1.0" encoding="UTF-8"?>
<testng-results skipped="0" failed="0" total="1" passed="1">
  <reporter-output>
  </reporter-output>
  <suite name="Default suite" duration-ms="76042" started-at="2021-09-17T02:44:01Z" finished-at="2021-09-17T02:45:17Z">
    <groups>
    </groups>
    <test name="Default test" duration-ms="76042" started-at="2021-09-17T02:44:01Z" finished-at="2021-09-17T02:45:17Z">
      <class name="RestAssuredAutomation.RestAssuredAutomation.TC001_API2">
        <test-method status="PASS" signature="getpeopleDetails()[pri:0, instance:RestAssuredAutomation.RestAssuredAutomation.TC001_API2@cc285f4]" name="getpeopleDetails" duration-ms="76019" started-at="2021-09-16T22:44:01Z" finished-at="2021-09-16T22:45:17Z">
          <reporter-output>
          </reporter-output>
        </test-method> <!-- getpeopleDetails -->
      </class> <!-- RestAssuredAutomation.RestAssuredAutomation.TC001_API2 -->
    </test> <!-- Default test -->
  </suite> <!-- Default suite -->
</testng-results>
